
> jessiemoves-server@1.0.0 dev
> nodemon server.js

[33m[nodemon] 3.1.11[39m
[33m[nodemon] to restart at any time, enter `rs`[39m
[33m[nodemon] watching path(s): *.*[39m
[33m[nodemon] watching extensions: js,mjs,cjs,json[39m
[32m[nodemon] starting `node server.js`[39m
DEBUG: AuthRoutes loaded User model: Model { User }
CRITICAL WARNING: STRIPE_SECRET_KEY is missing. Payment features will be disabled.
2026-02-10 10:33:06 [[32MINFO[39M]: Server running on port 5001
MongoDB Connection Error: MongooseServerSelectionError: Could not connect to any servers in your MongoDB Atlas cluster. One common reason is that you're trying to access the database from an IP that isn't whitelisted. Make sure your current IP address is on your Atlas cluster's IP whitelist: https://www.mongodb.com/docs/atlas/security-whitelist/
    at _handleConnectionErrors (/Users/ricardoda-silva/Desktop/JessieMoves/server/node_modules/mongoose/lib/connection.js:816:11)
    at NativeConnection.openUri (/Users/ricardoda-silva/Desktop/JessieMoves/server/node_modules/mongoose/lib/connection.js:791:11) {
  reason: TopologyDescription {
    type: 'ReplicaSetNoPrimary',
    servers: Map(3) {
      'ac-ccrze19-shard-00-01.ltexeoj.mongodb.net:27017' => [ServerDescription],
      'ac-ccrze19-shard-00-00.ltexeoj.mongodb.net:27017' => [ServerDescription],
      'ac-ccrze19-shard-00-02.ltexeoj.mongodb.net:27017' => [ServerDescription]
    },
    stale: false,
    compatible: true,
    heartbeatFrequencyMS: 10000,
    localThresholdMS: 15,
    setName: 'atlas-u3jvbn-shard-0',
    maxElectionId: null,
    maxSetVersion: null,
    commonWireVersion: 0,
    logicalSessionTimeoutMinutes: null
  },
  code: undefined
}
